<?xml version="1.0" encoding="UTF-8"?>
<testsuite name="org.edushak.testspec.MainSpec" tests="2" skipped="1" failures="0" errors="0" timestamp="2021-05-03T16:26:20" hostname="myMacBookPro15" time="0.026">
  <properties/>
  <testcase name="loadTestCases" classname="org.edushak.testspec.MainSpec" time="0.026"/>
  <testcase name="buildCucumberRows" classname="org.edushak.testspec.MainSpec" time="0.0">
    <skipped/>
  </testcase>
  <system-out><![CDATA[]]></system-out>
  <system-err><![CDATA[]]></system-err>
</testsuite>
