<?xml version="1.0" encoding="UTF-8"?>
<testsuite name="org.edushak.testspec.util.HelperSpec" tests="5" skipped="0" failures="0" errors="0" timestamp="2021-05-03T16:26:20" hostname="myMacBookPro15" time="0.055">
  <properties/>
  <testcase name="loadProperties" classname="org.edushak.testspec.util.HelperSpec" time="0.014"/>
  <testcase name="readDelimited" classname="org.edushak.testspec.util.HelperSpec" time="0.025"/>
  <testcase name="readCsv" classname="org.edushak.testspec.util.HelperSpec" time="0.002"/>
  <testcase name="resolveFile" classname="org.edushak.testspec.util.HelperSpec" time="0.001"/>
  <testcase name="replaceAll" classname="org.edushak.testspec.util.HelperSpec" time="0.012"/>
  <system-out><![CDATA[]]></system-out>
  <system-err><![CDATA[]]></system-err>
</testsuite>
